<?xml version='1.0'?>
<ns2:test-suite xmlns:ns2='urn:model.allure.qatools.yandex.ru' start='1674640746133' stop='1674640746136'>
    <name> DropDown</name>
    <title> DropDown</title>
    <test-cases>
        <test-case start='1674640746134' status='pending' stop='1674640746134'>
            <name>Test1</name>
            <title>Test1</title>
            <labels/>
            <parameters/>
            <steps/>
            <attachments/>
            <failure>
                <message>Test ignored</message>
                <stack-trace>undefined</stack-trace>
            </failure>
        </test-case>
        <test-case start='1674640746135' status='pending' stop='1674640746135'>
            <name>Test2</name>
            <title>Test2</title>
            <labels/>
            <parameters/>
            <steps/>
            <attachments/>
            <failure>
                <message>Test ignored</message>
                <stack-trace>undefined</stack-trace>
            </failure>
        </test-case>
        <test-case start='1674640746135' status='pending' stop='1674640746135'>
            <name>Test3</name>
            <title>Test3</title>
            <labels/>
            <parameters/>
            <steps/>
            <attachments/>
            <failure>
                <message>Test ignored</message>
                <stack-trace>undefined</stack-trace>
            </failure>
        </test-case>
        <test-case start='1674640746135' status='pending' stop='1674640746135'>
            <name>Test4</name>
            <title>Test4</title>
            <labels/>
            <parameters/>
            <steps/>
            <attachments/>
            <failure>
                <message>Test ignored</message>
                <stack-trace>undefined</stack-trace>
            </failure>
        </test-case>
        <test-case start='1674640746135' status='pending' stop='1674640746135'>
            <name>Test5</name>
            <title>Test5</title>
            <labels/>
            <parameters/>
            <steps/>
            <attachments/>
            <failure>
                <message>Test ignored</message>
                <stack-trace>undefined</stack-trace>
            </failure>
        </test-case>
        <test-case start='1674640746135' status='pending' stop='1674640746135'>
            <name>Test6</name>
            <title>Test6</title>
            <labels/>
            <parameters/>
            <steps/>
            <attachments/>
            <failure>
                <message>Test ignored</message>
                <stack-trace>undefined</stack-trace>
            </failure>
        </test-case>
    </test-cases>
</ns2:test-suite>